<?xml version="1.0" encoding="UTF-8"?>
<testng-results ignored="0" total="1" passed="1" failed="0" skipped="0">
  <reporter-output>
  </reporter-output>
  <suite started-at="2021-05-08T08:47:34 IST" name="Default suite" finished-at="2021-05-08T08:47:34 IST" duration-ms="92">
    <groups>
    </groups>
    <test started-at="2021-05-08T08:47:34 IST" name="Default test" finished-at="2021-05-08T08:47:34 IST" duration-ms="92">
      <class name="com.myntra.clothes.Test">
        <test-method signature="hey()[pri:0, instance:com.myntra.clothes.Test@483f6d77]" started-at="2021-05-08T08:47:34 IST" name="hey" finished-at="2021-05-08T08:47:34 IST" duration-ms="20" status="PASS">
          <reporter-output>
          </reporter-output>
        </test-method> <!-- hey -->
      </class> <!-- com.myntra.clothes.Test -->
    </test> <!-- Default test -->
  </suite> <!-- Default suite -->
</testng-results>
